<?xml version="1.0" encoding="UTF-8"?>
<!-- Generated by org.testng.reporters.JUnitReportReporter -->
<testsuite hostname="DESKTOP-9EVF4MD" failures="0" tests="2" name="com.test.TestNGBasics" time="0.008" errors="0" timestamp="2020-12-18T19:18:33 IST" skipped="0">
  <testcase classname="com.test.TestNGBasics" name="googleTitleTest" time="0.007"/>
  <system-out/>
  <testcase classname="com.test.TestNGBasics" name="searchTest" time="0.001"/>
  <system-out/>
</testsuite> <!-- com.test.TestNGBasics -->
