<?xml version="1.0" encoding="UTF-8"?>
<!-- Generated by org.testng.reporters.JUnitReportReporter -->
<testsuite hostname="DESKTOP-9EVF4MD" failures="0" tests="1" name="com.test.GoogleTest" time="4.134" errors="0" timestamp="2020-12-18T19:49:15 IST" skipped="0">
  <testcase classname="com.test.GoogleTest" name="googleTitleTest" time="4.134"/>
  <system-out/>
</testsuite> <!-- com.test.GoogleTest -->
